Project PACMAN Kotlin/app/k9mail/build/intermediates/manifest_merge_blame_file/debug/manifest-merger-blame-debug-report.txt
1<?xml version="1.0" encoding="utf-8"?>
2<manifest xmlns:android="http://schemas.android.com/apk/res/android"
3    package="com.fsck.k9.debug"
4    android:installLocation="auto"
5    android:versionCode="31000"
6    android:versionName="6.101-SNAPSHOT" >
7
8    <uses-sdk
9        android:minSdkVersion="21"
9-->src/main/AndroidManifest.xml
10        android:targetSdkVersion="31" />
10-->src/main/AndroidManifest.xml
11
12    <uses-feature
12-->src/main/AndroidManifest.xml:7:5-9:36
13        android:name="android.hardware.touchscreen"
13-->src/main/AndroidManifest.xml:8:9-52
14        android:required="false" />
14-->src/main/AndroidManifest.xml:9:9-33
15
16    <supports-screens
16-->src/main/AndroidManifest.xml:11:5-15:39
17        android:anyDensity="true"
17-->src/main/AndroidManifest.xml:12:9-34
18        android:largeScreens="true"
18-->src/main/AndroidManifest.xml:13:9-36
19        android:normalScreens="true"
19-->src/main/AndroidManifest.xml:14:9-37
20        android:smallScreens="true" />
20-->src/main/AndroidManifest.xml:15:9-36
21
22    <uses-permission android:name="android.permission.RECEIVE_BOOT_COMPLETED" />
22-->src/main/AndroidManifest.xml:17:5-81
22-->src/main/AndroidManifest.xml:17:22-78
23    <uses-permission android:name="android.permission.READ_CONTACTS" />
23-->src/main/AndroidManifest.xml:18:5-72
23-->src/main/AndroidManifest.xml:18:22-69
24    <uses-permission android:name="android.permission.READ_SYNC_SETTINGS" />
24-->src/main/AndroidManifest.xml:19:5-77
24-->src/main/AndroidManifest.xml:19:22-74
25    <uses-permission android:name="android.permission.ACCESS_NETWORK_STATE" />
25-->src/main/AndroidManifest.xml:20:5-79
25-->src/main/AndroidManifest.xml:20:22-76
26    <uses-permission android:name="android.permission.INTERNET" />
26-->src/main/AndroidManifest.xml:21:5-67
26-->src/main/AndroidManifest.xml:21:22-64
27    <uses-permission android:name="android.permission.VIBRATE" />
27-->src/main/AndroidManifest.xml:22:5-66
27-->src/main/AndroidManifest.xml:22:22-63
28    <uses-permission android:name="android.permission.WAKE_LOCK" />
28-->src/main/AndroidManifest.xml:23:5-68
28-->src/main/AndroidManifest.xml:23:22-65
29    <uses-permission android:name="android.permission.FOREGROUND_SERVICE" />
29-->src/main/AndroidManifest.xml:24:5-77
29-->src/main/AndroidManifest.xml:24:22-74
30    <uses-permission android:name="android.permission.SCHEDULE_EXACT_ALARM" />
30-->src/main/AndroidManifest.xml:25:5-79
30-->src/main/AndroidManifest.xml:25:22-76
31
32    <queries>
32-->[:app:ui:legacy] AndroidManifest.xml:11:5-51:15
33        <intent>
33-->[:app:ui:legacy] AndroidManifest.xml:12:9-21:18
34
35            <!-- Used to check whether to display the "Add from Contacts" menu item in the compose screen -->
36            <action android:name="android.intent.action.PICK" />
36-->[:app:ui:legacy] AndroidManifest.xml:15:13-65
36-->[:app:ui:legacy] AndroidManifest.xml:15:21-62
37
38            <data
38-->src/main/AndroidManifest.xml:166:17-168:47
39                android:host="com.android.contacts"
39-->src/main/AndroidManifest.xml:167:21-44
40                android:mimeType="*/*"
40-->src/main/AndroidManifest.xml:199:23-45
41                android:scheme="content" />
41-->src/main/AndroidManifest.xml:168:21-44
42        </intent>
43        <intent>
43-->[:app:ui:legacy] AndroidManifest.xml:22:9-30:18
44
45            <!-- Used by AttachmentController to find the best Intent to view an attachment -->
46            <action android:name="android.intent.action.VIEW" />
46-->src/main/AndroidManifest.xml:164:17-69
46-->src/main/AndroidManifest.xml:164:25-66
47
48            <data
48-->src/main/AndroidManifest.xml:166:17-168:47
49                android:mimeType="*/*"
49-->src/main/AndroidManifest.xml:199:23-45
50                android:scheme="content" />
50-->src/main/AndroidManifest.xml:168:21-44
51        </intent>
52        <intent>
52-->[:app:ui:legacy] AndroidManifest.xml:31:9-35:18
53
54            <!-- Used by the OpenPGP API -->
55            <action android:name="org.openintents.openpgp.IOpenPgpService2" />
55-->[:app:ui:legacy] AndroidManifest.xml:34:13-79
55-->[:app:ui:legacy] AndroidManifest.xml:34:21-76
56        </intent>
57        <intent>
57-->[:app:ui:legacy] AndroidManifest.xml:36:9-45:18
58
59            <!-- Used by OpenPgpAppSelectDialog -->
60            <action android:name="android.intent.action.VIEW" />
60-->src/main/AndroidManifest.xml:164:17-69
60-->src/main/AndroidManifest.xml:164:25-66
61
62            <data
62-->src/main/AndroidManifest.xml:166:17-168:47
63                android:host="details"
63-->src/main/AndroidManifest.xml:167:21-44
64                android:mimeType="*/*"
64-->src/main/AndroidManifest.xml:199:23-45
65                android:scheme="market" />
65-->src/main/AndroidManifest.xml:168:21-44
66        </intent>
67        <intent>
67-->[:app:ui:legacy] AndroidManifest.xml:46:9-50:18
68
69            <!-- Used by OpenPgpAppSelectDialog -->
70            <action android:name="org.openintents.openpgp.IOpenPgpService" />
70-->[:app:ui:legacy] AndroidManifest.xml:49:13-78
70-->[:app:ui:legacy] AndroidManifest.xml:49:21-75
71        </intent>
72        <intent>
72-->[net.openid:appauth:0.11.1] AndroidManifest.xml:25:9-31:18
73            <action android:name="android.intent.action.VIEW" />
73-->src/main/AndroidManifest.xml:164:17-69
73-->src/main/AndroidManifest.xml:164:25-66
74
75            <category android:name="android.intent.category.BROWSABLE" />
75-->src/main/AndroidManifest.xml:216:17-78
75-->src/main/AndroidManifest.xml:216:27-75
76
77            <data android:scheme="https" />
77-->src/main/AndroidManifest.xml:166:17-168:47
77-->src/main/AndroidManifest.xml:168:21-44
78        </intent>
79    </queries>
80
81    <uses-permission android:name="android.permission.WRITE_EXTERNAL_STORAGE" /> <!-- because in Android 11 managing files has been changed -->
81-->[:app:core] AndroidManifest.xml:12:5-81
81-->[:app:core] AndroidManifest.xml:12:22-78
82    <uses-permission
82-->[:app:core] AndroidManifest.xml:14:5-16:38
83        android:name="android.permission.MANAGE_EXTERNAL_STORAGE"
83-->[:app:core] AndroidManifest.xml:15:9-66
84        android:minSdkVersion="30" />
84-->[:app:core] AndroidManifest.xml:16:9-35
85    <uses-permission android:name="android.permission.USE_BIOMETRIC" /> <!-- suppress DeprecatedClassUsageInspection -->
85-->[androidx.biometric:biometric:1.1.0] AndroidManifest.xml:24:5-72
85-->[androidx.biometric:biometric:1.1.0] AndroidManifest.xml:24:22-69
86    <uses-permission android:name="android.permission.USE_FINGERPRINT" />
86-->[androidx.biometric:biometric:1.1.0] AndroidManifest.xml:27:5-74
86-->[androidx.biometric:biometric:1.1.0] AndroidManifest.xml:27:22-71
87
88    <application
88-->src/main/AndroidManifest.xml:27:5-403:19
89        android:name="com.fsck.k9.App"
89-->src/main/AndroidManifest.xml:28:9-39
90        android:allowBackup="false"
90-->src/main/AndroidManifest.xml:29:9-36
91        android:allowTaskReparenting="false"
91-->src/main/AndroidManifest.xml:30:9-45
92        android:appComponentFactory="androidx.core.app.CoreComponentFactory"
92-->[androidx.core:core:1.7.0] AndroidManifest.xml:24:18-86
93        android:debuggable="true"
94        android:icon="@drawable/ic_launcher"
94-->src/main/AndroidManifest.xml:31:9-45
95        android:label="@string/app_name"
95-->src/main/AndroidManifest.xml:32:9-41
96        android:networkSecurityConfig="@xml/network_security_config"
96-->src/main/AndroidManifest.xml:33:9-69
97        android:resizeableActivity="true"
97-->src/main/AndroidManifest.xml:34:9-42
98        android:supportsRtl="true"
98-->src/main/AndroidManifest.xml:35:9-35
99        android:testOnly="true"
100        android:theme="@style/Theme.K9.Startup"
100-->src/main/AndroidManifest.xml:36:9-48
101        android:usesCleartextTraffic="true" >
101-->src/main/AndroidManifest.xml:37:9-44
102        <profileable android:shell="true" />
102-->src/main/AndroidManifest.xml:40:9-42:35
102-->src/main/AndroidManifest.xml:41:13-33
103
104        <meta-data
104-->src/main/AndroidManifest.xml:44:9-46:59
105            android:name="android.app.default_searchable"
105-->src/main/AndroidManifest.xml:45:13-58
106            android:value="com.fsck.k9.activity.Search" /> <!-- TODO: Remove once minSdkVersion has been changed to 24+ -->
106-->src/main/AndroidManifest.xml:46:13-56
107        <meta-data
107-->src/main/AndroidManifest.xml:47:9-49:36
108            android:name="com.lge.support.SPLIT_WINDOW"
108-->src/main/AndroidManifest.xml:48:13-56
109            android:value="true" />
109-->src/main/AndroidManifest.xml:49:13-33
110
111        <uses-library
111-->src/main/AndroidManifest.xml:51:9-53:40
112            android:name="com.sec.android.app.multiwindow"
112-->src/main/AndroidManifest.xml:52:13-59
113            android:required="false" />
113-->src/main/AndroidManifest.xml:53:13-37
114
115        <meta-data
115-->src/main/AndroidManifest.xml:55:9-57:36
116            android:name="com.sec.android.support.multiwindow"
116-->src/main/AndroidManifest.xml:56:13-63
117            android:value="true" />
117-->src/main/AndroidManifest.xml:57:13-33
118        <meta-data
118-->src/main/AndroidManifest.xml:58:9-60:36
119            android:name="com.samsung.android.sdk.multiwindow.penwindow.enable"
119-->src/main/AndroidManifest.xml:59:13-80
120            android:value="true" />
120-->src/main/AndroidManifest.xml:60:13-33
121        <meta-data
121-->src/main/AndroidManifest.xml:61:9-63:36
122            android:name="android.webkit.WebView.MetricsOptOut"
122-->src/main/AndroidManifest.xml:62:13-64
123            android:value="true" />
123-->src/main/AndroidManifest.xml:63:13-33
124
125        <activity
125-->src/main/AndroidManifest.xml:65:9-67:61
126            android:name="com.fsck.k9.ui.onboarding.OnboardingActivity"
126-->src/main/AndroidManifest.xml:66:13-61
127            android:label="@string/welcome_message_title" />
127-->src/main/AndroidManifest.xml:67:13-58
128        <activity
128-->src/main/AndroidManifest.xml:68:9-71:75
129            android:name="com.fsck.k9.ui.settings.account.OpenPgpAppSelectDialog"
129-->src/main/AndroidManifest.xml:69:13-71
130            android:configChanges="locale"
130-->src/main/AndroidManifest.xml:70:13-43
131            android:theme="@style/Theme.K9.Dialog.Translucent.DayNight" />
131-->src/main/AndroidManifest.xml:71:13-72
132        <activity
132-->src/main/AndroidManifest.xml:72:9-75:66
133            android:name="com.fsck.k9.activity.setup.AccountSetupBasics"
133-->src/main/AndroidManifest.xml:73:13-62
134            android:configChanges="locale"
134-->src/main/AndroidManifest.xml:74:13-43
135            android:label="@string/account_setup_basics_title" />
135-->src/main/AndroidManifest.xml:75:13-63
136        <activity
136-->src/main/AndroidManifest.xml:76:9-79:72
137            android:name="com.fsck.k9.activity.setup.AccountSetupAccountType"
137-->src/main/AndroidManifest.xml:77:13-67
138            android:configChanges="locale"
138-->src/main/AndroidManifest.xml:78:13-43
139            android:label="@string/account_setup_account_type_title" />
139-->src/main/AndroidManifest.xml:79:13-69
140        <activity
140-->src/main/AndroidManifest.xml:80:9-83:68
141            android:name="com.fsck.k9.activity.setup.AccountSetupIncoming"
141-->src/main/AndroidManifest.xml:81:13-64
142            android:configChanges="locale"
142-->src/main/AndroidManifest.xml:82:13-43
143            android:label="@string/account_setup_incoming_title" />
143-->src/main/AndroidManifest.xml:83:13-65
144        <activity
144-->src/main/AndroidManifest.xml:84:9-87:74
145            android:name="com.fsck.k9.activity.setup.AccountSetupComposition"
145-->src/main/AndroidManifest.xml:85:13-67
146            android:configChanges="locale"
146-->src/main/AndroidManifest.xml:86:13-43
147            android:label="@string/account_settings_composition_title" />
147-->src/main/AndroidManifest.xml:87:13-71
148        <activity
148-->src/main/AndroidManifest.xml:88:9-91:68
149            android:name="com.fsck.k9.activity.setup.AccountSetupOutgoing"
149-->src/main/AndroidManifest.xml:89:13-64
150            android:configChanges="locale"
150-->src/main/AndroidManifest.xml:90:13-43
151            android:label="@string/account_setup_outgoing_title" />
151-->src/main/AndroidManifest.xml:91:13-65
152        <activity
152-->src/main/AndroidManifest.xml:92:9-95:67
153            android:name="com.fsck.k9.activity.setup.AccountSetupOptions"
153-->src/main/AndroidManifest.xml:93:13-63
154            android:configChanges="locale"
154-->src/main/AndroidManifest.xml:94:13-43
155            android:label="@string/account_setup_options_title" />
155-->src/main/AndroidManifest.xml:95:13-64
156        <activity
156-->src/main/AndroidManifest.xml:96:9-99:65
157            android:name="com.fsck.k9.activity.setup.AccountSetupNames"
157-->src/main/AndroidManifest.xml:97:13-61
158            android:configChanges="locale"
158-->src/main/AndroidManifest.xml:98:13-43
159            android:label="@string/account_setup_names_title" />
159-->src/main/AndroidManifest.xml:99:13-62
160        <activity
160-->src/main/AndroidManifest.xml:100:9-104:40
161            android:name="com.fsck.k9.activity.ChooseAccount"
161-->src/main/AndroidManifest.xml:101:13-51
162            android:configChanges="locale"
162-->src/main/AndroidManifest.xml:102:13-43
163            android:label="@string/choose_account_title"
163-->src/main/AndroidManifest.xml:103:13-57
164            android:noHistory="true" />
164-->src/main/AndroidManifest.xml:104:13-37
165        <activity
165-->src/main/AndroidManifest.xml:105:9-109:40
166            android:name="com.fsck.k9.ui.choosefolder.ChooseFolderActivity"
166-->src/main/AndroidManifest.xml:106:13-65
167            android:configChanges="locale"
167-->src/main/AndroidManifest.xml:107:13-43
168            android:label="@string/choose_folder_title"
168-->src/main/AndroidManifest.xml:108:13-56
169            android:noHistory="true" />
169-->src/main/AndroidManifest.xml:109:13-37
170        <activity
170-->src/main/AndroidManifest.xml:110:9-113:61
171            android:name="com.fsck.k9.activity.ChooseIdentity"
171-->src/main/AndroidManifest.xml:111:13-52
172            android:configChanges="locale"
172-->src/main/AndroidManifest.xml:112:13-43
173            android:label="@string/choose_identity_title" />
173-->src/main/AndroidManifest.xml:113:13-58
174        <activity
174-->src/main/AndroidManifest.xml:114:9-117:63
175            android:name="com.fsck.k9.activity.ManageIdentities"
175-->src/main/AndroidManifest.xml:115:13-54
176            android:configChanges="locale"
176-->src/main/AndroidManifest.xml:116:13-43
177            android:label="@string/manage_identities_title" />
177-->src/main/AndroidManifest.xml:117:13-60
178        <activity
178-->src/main/AndroidManifest.xml:118:9-121:59
179            android:name="com.fsck.k9.activity.EditIdentity"
179-->src/main/AndroidManifest.xml:119:13-50
180            android:configChanges="locale"
180-->src/main/AndroidManifest.xml:120:13-43
181            android:label="@string/edit_identity_title" />
181-->src/main/AndroidManifest.xml:121:13-56
182        <activity
182-->src/main/AndroidManifest.xml:122:9-127:75
183            android:name="com.fsck.k9.ui.notification.DeleteConfirmationActivity"
183-->src/main/AndroidManifest.xml:123:13-71
184            android:excludeFromRecents="true"
184-->src/main/AndroidManifest.xml:124:13-46
185            android:launchMode="singleTop"
185-->src/main/AndroidManifest.xml:125:13-43
186            android:taskAffinity=""
186-->src/main/AndroidManifest.xml:126:13-36
187            android:theme="@style/Theme.K9.Dialog.Translucent.DayNight" />
187-->src/main/AndroidManifest.xml:127:13-72
188        <!--
189 XXX Note: this activity is hacked to ignore config changes,
190             since it doesn't currently handle them correctly in code.
191        -->
192        <activity
192-->src/main/AndroidManifest.xml:132:9-135:74
193            android:name="com.fsck.k9.activity.setup.AccountSetupCheckSettings"
193-->src/main/AndroidManifest.xml:133:13-69
194            android:configChanges="keyboardHidden|orientation|locale"
194-->src/main/AndroidManifest.xml:134:13-70
195            android:label="@string/account_setup_check_settings_title" />
195-->src/main/AndroidManifest.xml:135:13-71
196        <activity
196-->src/main/AndroidManifest.xml:136:9-139:57
197            android:name="com.fsck.k9.ui.endtoend.AutocryptKeyTransferActivity"
197-->src/main/AndroidManifest.xml:137:13-69
198            android:configChanges="locale"
198-->src/main/AndroidManifest.xml:138:13-43
199            android:label="@string/ac_transfer_title" />
199-->src/main/AndroidManifest.xml:139:13-54
200        <activity
200-->src/main/AndroidManifest.xml:140:9-143:56
201            android:name="com.fsck.k9.ui.settings.account.postquantum.PQGenerateKeysActivity"
201-->src/main/AndroidManifest.xml:141:13-94
202            android:configChanges="locale"
202-->src/main/AndroidManifest.xml:142:13-43
203            android:label="@string/generate_pq_keys" />
203-->src/main/AndroidManifest.xml:143:13-53
204        <activity
204-->src/main/AndroidManifest.xml:144:9-147:54
205            android:name="com.fsck.k9.ui.settings.account.postquantum.PQImportKeysActivity"
205-->src/main/AndroidManifest.xml:145:13-92
206            android:configChanges="locale"
206-->src/main/AndroidManifest.xml:146:13-43
207            android:label="@string/import_pq_keys" />
207-->src/main/AndroidManifest.xml:147:13-51
208        <activity
208-->src/main/AndroidManifest.xml:148:9-172:20
209            android:name="com.fsck.k9.activity.MessageList"
209-->src/main/AndroidManifest.xml:149:13-49
210            android:exported="true"
210-->src/main/AndroidManifest.xml:150:13-36
211            android:launchMode="singleTop" >
211-->src/main/AndroidManifest.xml:151:13-43
212            <intent-filter>
212-->src/main/AndroidManifest.xml:152:13-162:29
213                <action android:name="android.intent.action.MAIN" />
213-->src/main/AndroidManifest.xml:153:17-69
213-->src/main/AndroidManifest.xml:153:25-66
214
215                <category android:name="android.intent.category.DEFAULT" />
215-->src/main/AndroidManifest.xml:155:17-76
215-->src/main/AndroidManifest.xml:155:27-73
216                <category android:name="android.intent.category.LAUNCHER" />
216-->src/main/AndroidManifest.xml:156:17-77
216-->src/main/AndroidManifest.xml:156:27-74
217                <category android:name="android.intent.category.APP_EMAIL" />
217-->src/main/AndroidManifest.xml:157:17-78
217-->src/main/AndroidManifest.xml:157:27-75
218
219                <!-- TODO: Remove once minSdkVersion has been changed to 24+ -->
220                <category android:name="android.intent.category.MULTIWINDOW_LAUNCHER" />
220-->src/main/AndroidManifest.xml:160:17-89
220-->src/main/AndroidManifest.xml:160:27-86
221                <category android:name="android.intent.category.PENWINDOW_LAUNCHER" />
221-->src/main/AndroidManifest.xml:161:17-87
221-->src/main/AndroidManifest.xml:161:27-84
222            </intent-filter>
223            <intent-filter>
223-->src/main/AndroidManifest.xml:163:13-171:29
224                <action android:name="android.intent.action.VIEW" />
224-->src/main/AndroidManifest.xml:164:17-69
224-->src/main/AndroidManifest.xml:164:25-66
225
226                <data
226-->src/main/AndroidManifest.xml:166:17-168:47
227                    android:host="messages"
227-->src/main/AndroidManifest.xml:167:21-44
228                    android:scheme="k9mail" />
228-->src/main/AndroidManifest.xml:168:21-44
229
230                <category android:name="android.intent.category.DEFAULT" />
230-->src/main/AndroidManifest.xml:155:17-76
230-->src/main/AndroidManifest.xml:155:27-73
231            </intent-filter>
232        </activity> <!-- activity-alias so old launcher shortcuts work -->
233        <!-- TODO: Remove after 2020-12-31 -->
234        <activity-alias
234-->src/main/AndroidManifest.xml:179:9-182:62
235            android:name="com.fsck.k9.activity.Accounts"
235-->src/main/AndroidManifest.xml:180:13-46
236            android:exported="true"
236-->src/main/AndroidManifest.xml:181:13-36
237            android:targetActivity="com.fsck.k9.activity.MessageList" /> <!-- activity-alias so old launcher shortcuts work -->
237-->src/main/AndroidManifest.xml:182:13-59
238        <!-- TODO: Remove after 2020-12-31 -->
239        <activity-alias
239-->src/main/AndroidManifest.xml:174:9-177:62
240            android:name="com.fsck.k9.activity.FolderList"
240-->src/main/AndroidManifest.xml:175:13-48
241            android:exported="true"
241-->src/main/AndroidManifest.xml:176:13-36
242            android:targetActivity="com.fsck.k9.activity.MessageList" />
242-->src/main/AndroidManifest.xml:177:13-59
243
244        <activity
244-->src/main/AndroidManifest.xml:184:9-227:20
245            android:name="com.fsck.k9.activity.MessageCompose"
245-->src/main/AndroidManifest.xml:185:13-52
246            android:configChanges="locale"
246-->src/main/AndroidManifest.xml:186:13-43
247            android:enabled="false"
247-->src/main/AndroidManifest.xml:187:13-36
248            android:exported="true" >
248-->src/main/AndroidManifest.xml:188:13-36
249            <intent-filter>
249-->src/main/AndroidManifest.xml:189:13-195:29
250                <action android:name="android.intent.action.SENDTO" />
250-->src/main/AndroidManifest.xml:190:17-71
250-->src/main/AndroidManifest.xml:190:25-68
251
252                <data android:scheme="mailto" />
252-->src/main/AndroidManifest.xml:166:17-168:47
252-->src/main/AndroidManifest.xml:168:21-44
253
254                <category android:name="android.intent.category.DEFAULT" />
254-->src/main/AndroidManifest.xml:155:17-76
254-->src/main/AndroidManifest.xml:155:27-73
255            </intent-filter>
256            <intent-filter>
256-->src/main/AndroidManifest.xml:196:13-202:29
257                <action android:name="android.intent.action.SEND" />
257-->src/main/AndroidManifest.xml:197:17-69
257-->src/main/AndroidManifest.xml:197:25-66
258
259                <data android:mimeType="*/*" />
259-->src/main/AndroidManifest.xml:166:17-168:47
259-->src/main/AndroidManifest.xml:199:23-45
260
261                <category android:name="android.intent.category.DEFAULT" />
261-->src/main/AndroidManifest.xml:155:17-76
261-->src/main/AndroidManifest.xml:155:27-73
262            </intent-filter>
263            <intent-filter>
263-->src/main/AndroidManifest.xml:203:13-209:29
264                <action android:name="android.intent.action.SEND_MULTIPLE" />
264-->src/main/AndroidManifest.xml:204:17-78
264-->src/main/AndroidManifest.xml:204:25-75
265
266                <data android:mimeType="*/*" />
266-->src/main/AndroidManifest.xml:166:17-168:47
266-->src/main/AndroidManifest.xml:199:23-45
267
268                <category android:name="android.intent.category.DEFAULT" />
268-->src/main/AndroidManifest.xml:155:17-76
268-->src/main/AndroidManifest.xml:155:27-73
269            </intent-filter>
270            <intent-filter>
270-->src/main/AndroidManifest.xml:210:13-217:29
271                <action android:name="android.intent.action.VIEW" />
271-->src/main/AndroidManifest.xml:164:17-69
271-->src/main/AndroidManifest.xml:164:25-66
272
273                <data android:scheme="mailto" />
273-->src/main/AndroidManifest.xml:166:17-168:47
273-->src/main/AndroidManifest.xml:168:21-44
274
275                <category android:name="android.intent.category.DEFAULT" />
275-->src/main/AndroidManifest.xml:155:17-76
275-->src/main/AndroidManifest.xml:155:27-73
276                <category android:name="android.intent.category.BROWSABLE" />
276-->src/main/AndroidManifest.xml:216:17-78
276-->src/main/AndroidManifest.xml:216:27-75
277            </intent-filter>
278            <intent-filter>
278-->src/main/AndroidManifest.xml:218:13-222:29
279                <action android:name="org.autocrypt.PEER_ACTION" />
279-->src/main/AndroidManifest.xml:219:17-68
279-->src/main/AndroidManifest.xml:219:25-65
280
281                <category android:name="android.intent.category.DEFAULT" />
281-->src/main/AndroidManifest.xml:155:17-76
281-->src/main/AndroidManifest.xml:155:27-73
282            </intent-filter>
283
284            <meta-data
284-->src/main/AndroidManifest.xml:224:13-226:82
285                android:name="android.service.chooser.chooser_target_service"
285-->src/main/AndroidManifest.xml:225:17-78
286                android:value="com.fsck.k9.directshare.K9ChooserTargetService" />
286-->src/main/AndroidManifest.xml:226:17-79
287        </activity> <!-- Search Activity - searchable -->
288        <activity
288-->src/main/AndroidManifest.xml:228:9-243:20
289            android:name="com.fsck.k9.activity.Search"
289-->src/main/AndroidManifest.xml:229:13-44
290            android:configChanges="locale"
290-->src/main/AndroidManifest.xml:230:13-43
291            android:exported="true"
291-->src/main/AndroidManifest.xml:231:13-36
292            android:label="@string/search_action"
292-->src/main/AndroidManifest.xml:232:13-50
293            android:uiOptions="splitActionBarWhenNarrow" >
293-->src/main/AndroidManifest.xml:233:13-57
294            <intent-filter>
294-->src/main/AndroidManifest.xml:234:13-238:29
295                <action android:name="android.intent.action.SEARCH" />
295-->src/main/AndroidManifest.xml:235:17-71
295-->src/main/AndroidManifest.xml:235:25-68
296
297                <category android:name="android.intent.category.DEFAULT" />
297-->src/main/AndroidManifest.xml:155:17-76
297-->src/main/AndroidManifest.xml:155:27-73
298            </intent-filter>
299
300            <meta-data
300-->src/main/AndroidManifest.xml:240:13-242:54
301                android:name="android.app.searchable"
301-->src/main/AndroidManifest.xml:241:17-54
302                android:resource="@xml/searchable" />
302-->src/main/AndroidManifest.xml:242:17-51
303        </activity>
304        <activity
304-->src/main/AndroidManifest.xml:244:9-254:20
305            android:name="com.fsck.k9.activity.LauncherShortcuts"
305-->src/main/AndroidManifest.xml:245:13-55
306            android:configChanges="locale"
306-->src/main/AndroidManifest.xml:246:13-43
307            android:exported="true"
307-->src/main/AndroidManifest.xml:247:13-36
308            android:label="@string/shortcuts_title" >
308-->src/main/AndroidManifest.xml:248:13-52
309            <intent-filter>
309-->src/main/AndroidManifest.xml:249:13-253:29
310                <action android:name="android.intent.action.CREATE_SHORTCUT" />
310-->src/main/AndroidManifest.xml:250:17-80
310-->src/main/AndroidManifest.xml:250:25-77
311
312                <category android:name="android.intent.category.DEFAULT" />
312-->src/main/AndroidManifest.xml:155:17-76
312-->src/main/AndroidManifest.xml:155:27-73
313            </intent-filter>
314        </activity>
315        <activity
315-->src/main/AndroidManifest.xml:255:9-261:20
316            android:name="com.fsck.k9.widget.unread.UnreadWidgetConfigurationActivity"
316-->src/main/AndroidManifest.xml:256:13-76
317            android:exported="false" >
317-->src/main/AndroidManifest.xml:257:13-37
318            <intent-filter>
318-->src/main/AndroidManifest.xml:258:13-260:29
319                <action android:name="android.appwidget.action.APPWIDGET_CONFIGURE" />
319-->src/main/AndroidManifest.xml:259:17-87
319-->src/main/AndroidManifest.xml:259:25-84
320            </intent-filter>
321        </activity>
322        <activity
322-->src/main/AndroidManifest.xml:262:9-264:63
323            android:name="com.fsck.k9.activity.UpgradeDatabases"
323-->src/main/AndroidManifest.xml:263:13-54
324            android:label="@string/upgrade_databases_title" />
324-->src/main/AndroidManifest.xml:264:13-60
325        <activity
325-->src/main/AndroidManifest.xml:265:9-267:54
326            android:name="com.fsck.k9.ui.managefolders.ManageFoldersActivity"
326-->src/main/AndroidManifest.xml:266:13-67
327            android:label="@string/folders_action" />
327-->src/main/AndroidManifest.xml:267:13-51
328        <activity
328-->src/main/AndroidManifest.xml:268:9-270:51
329            android:name="com.fsck.k9.ui.settings.SettingsActivity"
329-->src/main/AndroidManifest.xml:269:13-57
330            android:label="@string/prefs_title" />
330-->src/main/AndroidManifest.xml:270:13-48
331        <activity
331-->src/main/AndroidManifest.xml:271:9-273:62
332            android:name="com.fsck.k9.ui.settings.general.GeneralSettingsActivity"
332-->src/main/AndroidManifest.xml:272:13-72
333            android:label="@string/general_settings_title" />
333-->src/main/AndroidManifest.xml:273:13-59
334        <activity
334-->src/main/AndroidManifest.xml:274:9-276:66
335            android:name="com.fsck.k9.ui.settings.account.AccountSettingsActivity"
335-->src/main/AndroidManifest.xml:275:13-72
336            android:label="@string/account_settings_title_fmt" />
336-->src/main/AndroidManifest.xml:276:13-63
337        <activity
337-->src/main/AndroidManifest.xml:277:9-279:59
338            android:name="com.fsck.k9.ui.messagesource.MessageSourceActivity"
338-->src/main/AndroidManifest.xml:278:13-67
339            android:label="@string/show_headers_action" />
339-->src/main/AndroidManifest.xml:279:13-56
340        <activity
340-->src/main/AndroidManifest.xml:280:9-282:70
341            android:name="com.fsck.k9.ui.changelog.RecentChangesActivity"
341-->src/main/AndroidManifest.xml:281:13-63
342            android:label="@string/changelog_recent_changes_title" />
342-->src/main/AndroidManifest.xml:282:13-67
343        <activity
344            android:name="com.fsck.k9.ui.push.PushInfoActivity"
344-->src/main/AndroidManifest.xml:284:13-53
345            android:excludeFromRecents="true"